mode: set
github.com/adityatresnobudi/parking-system/entity/ticket.go:18.25,24.2 3 1
github.com/adityatresnobudi/parking-system/parking/input_parser.go:17.51,18.23 1 1
github.com/adityatresnobudi/parking-system/parking/input_parser.go:22.2,24.44 2 1
github.com/adityatresnobudi/parking-system/parking/input_parser.go:33.2,33.32 1 1
github.com/adityatresnobudi/parking-system/parking/input_parser.go:18.23,20.3 1 1
github.com/adityatresnobudi/parking-system/parking/input_parser.go:24.44,26.17 2 1
github.com/adityatresnobudi/parking-system/parking/input_parser.go:30.3,30.40 1 1
github.com/adityatresnobudi/parking-system/parking/input_parser.go:26.17,28.4 1 1
github.com/adityatresnobudi/parking-system/parking/input_parser.go:36.68,37.23 1 1
github.com/adityatresnobudi/parking-system/parking/input_parser.go:41.2,41.34 1 1
github.com/adityatresnobudi/parking-system/parking/input_parser.go:45.2,47.13 3 1
github.com/adityatresnobudi/parking-system/parking/input_parser.go:53.2,53.68 1 1
github.com/adityatresnobudi/parking-system/parking/input_parser.go:37.23,39.3 1 1
github.com/adityatresnobudi/parking-system/parking/input_parser.go:41.34,43.3 1 1
github.com/adityatresnobudi/parking-system/parking/input_parser.go:48.30,49.17 1 1
github.com/adityatresnobudi/parking-system/parking/input_parser.go:50.25,51.17 1 1
github.com/adityatresnobudi/parking-system/parking/input_parser.go:56.70,57.23 1 1
github.com/adityatresnobudi/parking-system/parking/input_parser.go:61.2,61.34 1 1
github.com/adityatresnobudi/parking-system/parking/input_parser.go:65.2,67.16 3 1
github.com/adityatresnobudi/parking-system/parking/input_parser.go:71.2,71.82 1 1
github.com/adityatresnobudi/parking-system/parking/input_parser.go:57.23,59.3 1 1
github.com/adityatresnobudi/parking-system/parking/input_parser.go:61.34,63.3 1 1
github.com/adityatresnobudi/parking-system/parking/input_parser.go:67.16,69.3 1 1
github.com/adityatresnobudi/parking-system/parking/input_parser.go:74.58,75.34 1 1
github.com/adityatresnobudi/parking-system/parking/input_parser.go:79.2,81.39 2 1
github.com/adityatresnobudi/parking-system/parking/input_parser.go:88.2,88.17 1 1
github.com/adityatresnobudi/parking-system/parking/input_parser.go:75.34,77.3 1 1
github.com/adityatresnobudi/parking-system/parking/input_parser.go:81.39,83.41 2 1
github.com/adityatresnobudi/parking-system/parking/input_parser.go:83.41,85.4 1 1
github.com/adityatresnobudi/parking-system/parking/input_parser.go:91.50,93.2 1 1
github.com/adityatresnobudi/parking-system/parking/input_parser.go:95.35,97.2 1 1
github.com/adityatresnobudi/parking-system/parking/lot.go:31.32,37.2 1 1
github.com/adityatresnobudi/parking-system/parking/lot.go:39.61,40.20 1 1
github.com/adityatresnobudi/parking-system/parking/lot.go:43.2,43.24 1 1
github.com/adityatresnobudi/parking-system/parking/lot.go:46.2,48.20 3 1
github.com/adityatresnobudi/parking-system/parking/lot.go:51.2,51.24 1 1
github.com/adityatresnobudi/parking-system/parking/lot.go:40.20,42.3 1 1
github.com/adityatresnobudi/parking-system/parking/lot.go:43.24,45.3 1 1
github.com/adityatresnobudi/parking-system/parking/lot.go:48.20,50.3 1 1
github.com/adityatresnobudi/parking-system/parking/lot.go:54.66,55.43 1 1
github.com/adityatresnobudi/parking-system/parking/lot.go:58.2,61.25 4 1
github.com/adityatresnobudi/parking-system/parking/lot.go:55.43,57.3 1 1
github.com/adityatresnobudi/parking-system/parking/lot.go:64.49,65.37 1 1
github.com/adityatresnobudi/parking-system/parking/lot.go:70.2,70.14 1 1
github.com/adityatresnobudi/parking-system/parking/lot.go:65.37,66.43 1 1
github.com/adityatresnobudi/parking-system/parking/lot.go:66.43,68.4 1 1
github.com/adityatresnobudi/parking-system/parking/lot.go:73.32,75.2 1 1
github.com/adityatresnobudi/parking-system/parking/lot.go:77.41,79.2 1 1
github.com/adityatresnobudi/parking-system/parking/lot.go:81.38,82.36 1 1
github.com/adityatresnobudi/parking-system/parking/lot.go:82.36,84.3 1 1
github.com/adityatresnobudi/parking-system/parking/lot.go:87.41,88.36 1 1
github.com/adityatresnobudi/parking-system/parking/lot.go:88.36,90.3 1 1
github.com/adityatresnobudi/parking-system/parking/lot.go:93.46,95.2 1 1
github.com/adityatresnobudi/parking-system/parking/lot.go:97.47,99.2 1 1
github.com/adityatresnobudi/parking-system/parking/lot.go:101.36,103.2 1 1
github.com/adityatresnobudi/parking-system/parking/lot.go:105.34,110.2 1 1
github.com/adityatresnobudi/parking-system/parking/style.go:10.64,12.2 1 1
github.com/adityatresnobudi/parking-system/parking/style.go:17.65,18.52 1 1
github.com/adityatresnobudi/parking-system/parking/style.go:21.2,21.25 1 1
github.com/adityatresnobudi/parking-system/parking/style.go:18.52,20.3 1 1
github.com/adityatresnobudi/parking-system/parking/style.go:27.66,28.52 1 1
github.com/adityatresnobudi/parking-system/parking/style.go:31.2,31.25 1 1
github.com/adityatresnobudi/parking-system/parking/style.go:28.52,30.3 1 1
github.com/adityatresnobudi/parking-system/parking/attendant.go:15.43,25.2 5 1
github.com/adityatresnobudi/parking-system/parking/attendant.go:27.67,28.24 1 1
github.com/adityatresnobudi/parking-system/parking/attendant.go:31.2,31.54 1 1
github.com/adityatresnobudi/parking-system/parking/attendant.go:35.2,35.36 1 1
github.com/adityatresnobudi/parking-system/parking/attendant.go:28.24,30.3 1 1
github.com/adityatresnobudi/parking-system/parking/attendant.go:31.54,34.3 2 1
github.com/adityatresnobudi/parking-system/parking/attendant.go:38.72,39.40 1 1
github.com/adityatresnobudi/parking-system/parking/attendant.go:42.2,42.42 1 1
github.com/adityatresnobudi/parking-system/parking/attendant.go:39.40,41.3 1 1
github.com/adityatresnobudi/parking-system/parking/attendant.go:45.59,46.32 1 1
github.com/adityatresnobudi/parking-system/parking/attendant.go:51.2,51.12 1 1
github.com/adityatresnobudi/parking-system/parking/attendant.go:46.32,47.22 1 1
github.com/adityatresnobudi/parking-system/parking/attendant.go:47.22,49.4 1 1
github.com/adityatresnobudi/parking-system/parking/attendant.go:54.59,55.34 1 1
github.com/adityatresnobudi/parking-system/parking/attendant.go:60.2,60.11 1 1
github.com/adityatresnobudi/parking-system/parking/attendant.go:55.34,56.45 1 1
github.com/adityatresnobudi/parking-system/parking/attendant.go:56.45,58.4 1 1
github.com/adityatresnobudi/parking-system/parking/attendant.go:63.55,64.32 1 1
github.com/adityatresnobudi/parking-system/parking/attendant.go:69.2,69.14 1 1
github.com/adityatresnobudi/parking-system/parking/attendant.go:64.32,65.27 1 1
github.com/adityatresnobudi/parking-system/parking/attendant.go:65.27,67.4 1 1
github.com/adityatresnobudi/parking-system/parking/attendant.go:72.38,73.30 1 1
github.com/adityatresnobudi/parking-system/parking/attendant.go:73.30,75.3 1 1
github.com/adityatresnobudi/parking-system/parking/attendant.go:78.47,81.2 2 1
github.com/adityatresnobudi/parking-system/parking/attendant.go:83.50,85.2 1 1
github.com/adityatresnobudi/parking-system/parking/attendant.go:87.55,89.27 2 1
github.com/adityatresnobudi/parking-system/parking/attendant.go:95.2,95.15 1 1
github.com/adityatresnobudi/parking-system/parking/attendant.go:89.27,90.15 1 1
github.com/adityatresnobudi/parking-system/parking/attendant.go:90.15,92.9 2 1
github.com/adityatresnobudi/parking-system/parking/attendant.go:98.52,100.2 1 1
github.com/adityatresnobudi/parking-system/parking/attendant.go:102.43,104.2 1 1
github.com/adityatresnobudi/parking-system/parking/attendant.go:106.42,108.32 2 1
github.com/adityatresnobudi/parking-system/parking/attendant.go:111.2,111.15 1 1
github.com/adityatresnobudi/parking-system/parking/attendant.go:108.32,110.3 1 1
